UESC INTERNAL MESSAGING -- RECOVERED FRAGMENT
CLASSIFICATION: FLAGGED
--------------------------------------------
@rsato> Henry gave me 63 reports to catalogue by the end of this week and I'm so mad about it
@kdunne> It's Friday?
@rsato> YEAH I KNOW THAT'S WHY I'M MAD
@kdunne> Wanna get a NuCafe?
@rsato> Lets do it
────────────────────────────
@kdunne> UNITYISPOWERUNITYISPOWERUNITYISPOWER
@kdunne> All of these townhalls make me just hate it here
@kdunne> IS IT IS IT IS IT IS IT IS IT IS IT?
@rsato> You know how it goes
@rsato> The words have no real meaning, but you gotta say them to go to the top
@kdunne> My parents didn't have enough credits for that to be true
@kdunne> ISUNITYPOWER? Is that why we left Mars to rot?
@rsato> Carefullllllllllllllllll. You know they can see all of these messages if they want
────────────────────────────
@rsato> The new water cooler sucks
@rsato> It tastes like metal
@kdunne> Don't worry. I'll break the dispenser tab and make them get us a new one.
@rsato> There is no way that will work
@kdunne> It'll work.
@kdunne> Trust me
────────────────────────────
@rsato> Have you seen that the security bots managed to recover some of the data from the Marathon??
@kdunne> I took a look and it's pretty much nothing... I'm not sure we'll ever find out what happened to those poor bastards. Like what does this even mean:
@kdunne> [fwd]: Recovered Data Fragment [ref: /var/data/recovered/6bccdf29-d678-4ed5-ba92-61cf74c0a374.dat]
@kdunne> It's just gibberish.
@rsato> Some of it is kind of readable
@rsato> [fwd]: Recovered Data Fragment [ref: /var/data/recovered/ca7bf847-4038-471f-9b14-f807cc3e1307.dat]
@kdunne> ......that doesn't sound too good.
@rsato> [fwd]: Recovered Data Fragment [ref: /var/data/recovered/756706df-eb6d-4c37-885a-be32ab6287d2.dat]
@rsato> I have a headache. brb. Want a NuCafe?
────────────────────────────
@kdunne> You check the cafeteria menu today? It looks like they finally got that shipment of NuCorn.
@rsato> OH HELL YEAH I LOVE NUCORN
@rsato> You ever dip it in the strawberry tick milk?
@kdunne> ...
────────────────────────────
@rsato> You broke the water dispenser like 2 weeks ago
@rsato> and they still haven't fixed it
@kdunne> "Cost reductions"
@kdunne> They'll probably get around to it next quarter. What can you do?
@rsato> Be thirsty I guess.
@rsato> At least I have this NuCafe.
[--- gap: 4 records unrecoverable ---]
@rsato> Pay day!
@rsato> Think I'm going to treat myself to a spa day
@rsato> Or a cool new hat.
@rsato> Or one of those indestructible NuCaloric water bottles. A big one. So I have water all day
@rsato> Because someone broke the water dispenser.
[--- gap: 11 records unrecoverable ---]
@kdunne> Wanna grab a NuCafe?
@kdunne> Hello?
@kdunne> I can see that you're online
@kdunne> Fine. I'll ask Henry.
@kdunne> Henry said no.
@kdunne> Jerk
[--- gap: 7 records unrecoverable ---]
@rsato> I got my raise today! 300 credits per pay period.
@kdunne> MINE WAS ONLY 150 WHAT
@kdunne> Should've worked for Traxus
@kdunne> Or Sekgen
@kdunne> I bet they pay well
@rsato> What are you going to do for Sekgen? Be a lab rat?
@kdunne> Better than staring at these reports all day